line 5789, col 42: Option set not found: vcs_ECP4_lib.
line 5803, col 44: Option set not found: vcs_ECP45M_lib.


Running in Lattice mode


Starting:    C:\eda\lscc\diamond\3.2_x64\synpbase\win64\mbin\synbatch.exe
Install:     C:\eda\lscc\diamond\3.2_x64\synpbase
Date:        Mon Jul 28 14:27:24 2014
Version:     I-2013.09L-SP1-1 

Arguments:   -product synplify_pro  -batch C:/MyWork/Project/PCIe_Saphire/PCIE_Basic_ECP5_D32_esr/Clarity/ecp5/pcie_core/pcie_extref/syn_results/pcie_extref.prj
ProductType: synplify_pro






log file: "C:\MyWork\Project\PCIe_Saphire\PCIE_Basic_ECP5_D32_esr\Clarity\ecp5\pcie_core\pcie_extref\syn_results\pcie_extref.srr"



Running pcie_extref|syn_results

Running: Compile on pcie_extref|syn_results

Running: Compile Process on pcie_extref|syn_results

Running: Compile Input on pcie_extref|syn_results
Copied C:\MyWork\Project\PCIe_Saphire\PCIE_Basic_ECP5_D32_esr\Clarity\ecp5\pcie_core\pcie_extref\syn_results\synwork\pcie_extref_comp.srs to C:\MyWork\Project\PCIe_Saphire\PCIE_Basic_ECP5_D32_esr\Clarity\ecp5\pcie_core\pcie_extref\syn_results\pcie_extref.srs
compiler Completed
Return Code: 0
Run Time:0h:00m:02s

Copied C:\MyWork\Project\PCIe_Saphire\PCIE_Basic_ECP5_D32_esr\Clarity\ecp5\pcie_core\pcie_extref\syn_results\pcie_extref.srr to C:\MyWork\Project\PCIe_Saphire\PCIE_Basic_ECP5_D32_esr\Clarity\ecp5\pcie_core\pcie_extref\syn_results\pcie_extref.srf
Complete: Compile Process on pcie_extref|syn_results

Running: Pre-mapping on pcie_extref|syn_results
premap Completed
Return Code: 0
Run Time:0h:00m:00s

Complete: Compile on pcie_extref|syn_results

Running: Map on pcie_extref|syn_results

Running: Map & Optimize on pcie_extref|syn_results
fpga_mapper Completed with warnings
Return Code: 1
Run Time:0h:00m:02s

Complete: Map on pcie_extref|syn_results
Copied C:\MyWork\Project\PCIe_Saphire\PCIE_Basic_ECP5_D32_esr\Clarity\ecp5\pcie_core\pcie_extref\syn_results\pcie_extref.srr to C:\MyWork\Project\PCIe_Saphire\PCIE_Basic_ECP5_D32_esr\Clarity\ecp5\pcie_core\pcie_extref\syn_results\pcie_extref.srf
Complete: Logic Synthesis on pcie_extref|syn_results


exit status=0


exit status=0


