Running in Lattice mode

                               Synplify Pro (R) 

                Version U-2023.03L-SP1 for win64 - Aug 10, 2023 

                    Copyright (c) 1988 - 2023 Synopsys, Inc.
   This software and the associated documentation are proprietary to Synopsys,
 Inc. This software may only be used in accordance with the terms and conditions
 of a written license agreement with Synopsys, Inc. All other use, reproduction,
   or distribution of this software is strictly prohibited.  Licensed Products
     communicate with Synopsys servers for the purpose of providing software
    updates, detecting software piracy and verifying that customers are using
    Licensed Products in conformity with the applicable License Key for such
  Licensed Products. Synopsys will use information gathered in connection with
    this process to deliver software updates and pursue software pirates and
                                   infringers.

 Inclusivity & Diversity - Visit SolvNetPlus to read the "Synopsys Statement on
            Inclusivity and Diversity" (Refer to article 000036315 at
                        https://solvnetplus.synopsys.com)

Starting:    C:\lscc\diamond\3.13\synpbase\bin64\mbin\synbatch.exe
Install:     C:\lscc\diamond\3.13\synpbase
Hostname:    INON_LAPTOP
Date:        Tue Apr  1 13:40:12 2025
Version:     U-2023.03L-SP1

Arguments:   -product synplify_base -batch C:/Project/2024/Refael/Lightning/Vhdl/LastVer/Winner2/Clarity/ecp5/pcie2_core/pcie2_extref/syn_results/pcie2_extref.prj
ProductType: synplify_pro




Copied C:\Project\2024\Refael\Lightning\Vhdl\LastVer\Winner2\Clarity\ecp5\pcie2_core\pcie2_extref\syn_results\pcie2_extref.srr to C:\Project\2024\Refael\Lightning\Vhdl\LastVer\Winner2\Clarity\ecp5\pcie2_core\pcie2_extref\syn_results\backup\pcie2_extref.srr
log file: "C:\Project\2024\Refael\Lightning\Vhdl\LastVer\Winner2\Clarity\ecp5\pcie2_core\pcie2_extref\syn_results\pcie2_extref.srr"
Running: syn_results in foreground

Running pcie2_extref|syn_results

Running Flow: compile (Compile) on pcie2_extref|syn_results
# Tue Apr  1 13:40:12 2025

Running Flow: compile_flow (Compile Process) on pcie2_extref|syn_results
# Tue Apr  1 13:40:12 2025

Running: compiler (Compile Input) on pcie2_extref|syn_results
# Tue Apr  1 13:40:12 2025
Copied C:\Project\2024\Refael\Lightning\Vhdl\LastVer\Winner2\Clarity\ecp5\pcie2_core\pcie2_extref\syn_results\synwork\pcie2_extref_comp.srs to C:\Project\2024\Refael\Lightning\Vhdl\LastVer\Winner2\Clarity\ecp5\pcie2_core\pcie2_extref\syn_results\pcie2_extref.srs

compiler completed
# Tue Apr  1 13:40:14 2025

Return Code: 0
Run Time:00h:00m:01s

Running: multi_srs_gen (Multi-srs Generator) on pcie2_extref|syn_results
# Tue Apr  1 13:40:14 2025

multi_srs_gen completed
# Tue Apr  1 13:40:15 2025

Return Code: 0
Run Time:00h:00m:01s
Copied C:\Project\2024\Refael\Lightning\Vhdl\LastVer\Winner2\Clarity\ecp5\pcie2_core\pcie2_extref\syn_results\synwork\pcie2_extref_mult.srs to C:\Project\2024\Refael\Lightning\Vhdl\LastVer\Winner2\Clarity\ecp5\pcie2_core\pcie2_extref\syn_results\pcie2_extref.srs
Copied C:\Project\2024\Refael\Lightning\Vhdl\LastVer\Winner2\Clarity\ecp5\pcie2_core\pcie2_extref\syn_results\pcie2_extref.srr to C:\Project\2024\Refael\Lightning\Vhdl\LastVer\Winner2\Clarity\ecp5\pcie2_core\pcie2_extref\syn_results\pcie2_extref.srf
Complete: Compile Process on pcie2_extref|syn_results

Running: premap (Premap) on pcie2_extref|syn_results
# Tue Apr  1 13:40:15 2025

premap completed
# Tue Apr  1 13:40:17 2025

Return Code: 0
Run Time:00h:00m:01s
Complete: Compile on pcie2_extref|syn_results

Running Flow: map (Map) on pcie2_extref|syn_results
# Tue Apr  1 13:40:17 2025
License granted for 4 parallel jobs

Running: fpga_mapper (Map & Optimize) on pcie2_extref|syn_results
# Tue Apr  1 13:40:17 2025
Copied C:\Project\2024\Refael\Lightning\Vhdl\LastVer\Winner2\Clarity\ecp5\pcie2_core\pcie2_extref\syn_results\synwork\pcie2_extref_m.srm to C:\Project\2024\Refael\Lightning\Vhdl\LastVer\Winner2\Clarity\ecp5\pcie2_core\pcie2_extref\syn_results\pcie2_extref.srm

fpga_mapper completed with warnings
# Tue Apr  1 13:40:19 2025

Return Code: 1
Run Time:00h:00m:02s
Complete: Map on pcie2_extref|syn_results
Copied C:\Project\2024\Refael\Lightning\Vhdl\LastVer\Winner2\Clarity\ecp5\pcie2_core\pcie2_extref\syn_results\pcie2_extref.srr to C:\Project\2024\Refael\Lightning\Vhdl\LastVer\Winner2\Clarity\ecp5\pcie2_core\pcie2_extref\syn_results\pcie2_extref.srf
Complete: Logic Synthesis on pcie2_extref|syn_results
exit status=0
exit status=0
