{
"Synplify Pro (R) Job Log" : {
	"Date" : "13:40:19    01-Apr-2025",
	"Working Directory" : "C:/Project/2024/Refael/Lightning/Vhdl/LastVer/Winner2/Clarity/ecp5/pcie2_core/pcie2_extref/syn_results",
	"Install" : "C:/lscc/diamond/3.13/synpbase"
},
"syn_results" :{
   "Start Time" : "13:40:12",
   "Runtime" : "07s",
   "Executable Run Time" : "05s",
   "synthesis" : {
      "Start Time" : "13:40:12",
      "Runtime" : "07s",
      "Executable Run Time" : "05s",
      "compile" : {
         "Start Time" : "13:40:12",
         "Runtime" : "05s",
         "Executable Run Time" : "03s",
         "compile_flow" : {
            "Start Time" : "13:40:12",
            "Runtime" : "03s",
            "Executable Run Time" : "02s",
            "compiler" : {
               "executable" : "bin64/c_hdl.exe",
               "Run Directory" : "C:/Project/2024/Refael/Lightning/Vhdl/LastVer/Winner2/Clarity/ecp5/pcie2_core/pcie2_extref/syn_results",
               "Run State" : "Complete",
               "Return Code" : "0",
               "Has Errors" : "no",
               "Run Start Time" : "13:40:12",
               "Run Time" : "02s",
               "Exe Run Time" : "01s",
               "Memory Usage" : "-",
               "Up-to-date (run skipped)" : "no"
            },
            "multi_srs_gen" : {
               "executable" : "bin64/syn_nfilter.exe",
               "Run Directory" : "C:/Project/2024/Refael/Lightning/Vhdl/LastVer/Winner2/Clarity/ecp5/pcie2_core/pcie2_extref/syn_results",
               "Run State" : "Complete",
               "Return Code" : "0",
               "Has Errors" : "no",
               "Run Start Time" : "13:40:14",
               "Run Time" : "01s",
               "Exe Run Time" : "01s",
               "Memory Usage" : "-",
               "Up-to-date (run skipped)" : "no"
            }
         },
         "premap" : {
            "executable" : "bin64/m_gen_lattice.exe",
            "Run Directory" : "C:/Project/2024/Refael/Lightning/Vhdl/LastVer/Winner2/Clarity/ecp5/pcie2_core/pcie2_extref/syn_results",
            "Run State" : "Complete",
            "Return Code" : "0",
            "Has Errors" : "no",
            "Run Start Time" : "13:40:15",
            "Run Time" : "02s",
            "Exe Run Time" : "01s",
            "Memory Usage" : "-",
            "Up-to-date (run skipped)" : "no"
         }
      },
      "map" : {
         "Start Time" : "13:40:17",
         "Runtime" : "02s",
         "Executable Run Time" : "02s",
         "fpga_mapper" : {
            "executable" : "bin64/m_gen_lattice.exe",
            "Run Directory" : "C:/Project/2024/Refael/Lightning/Vhdl/LastVer/Winner2/Clarity/ecp5/pcie2_core/pcie2_extref/syn_results",
            "Run State" : "Complete",
            "Return Code" : "1",
            "Has Errors" : "no",
            "Run Start Time" : "13:40:17",
            "Run Time" : "02s",
            "Exe Run Time" : "02s",
            "Memory Usage" : "-",
            "Up-to-date (run skipped)" : "no"
         }
      }
   }
}
}