
Copyright (C) 1994-2023 Synopsys, Inc.
This Synopsys software and all associated documentation are proprietary to Synopsys, Inc.
and may only be used pursuant to the terms and conditions of a written license agreement
with Synopsys, Inc. All other use, reproduction, modification, or distribution of the
Synopsys software or the associated documentation is strictly prohibited.
Tool: Synplify Pro (R)
Build: U-2023.03L-SP1
Install: C:\lscc\diamond\3.13\synpbase
OS: Windows 10 or later
Hostname: INON_LAPTOP

Implementation : syn_results
Synopsys HDL compiler and linker, Version comp202303synp1, Build 173R, Built Aug 31 2023 03:59:48, @

Modified Files: 22
FID:  path (prevtimestamp, timestamp)
0        C:\Project\2020\Refael\Lightning\Vhdl\Ver2_1\Implementation\ecp5um-85F_PCIeBasic\Pll27MHz\Module_Pll27MHz\Module_Pll27MHz.vhd (2021-06-27 19:30:49, N/A)
11       C:\Project\2024\Refael\Lightning\Vhdl\LastVer\Winner2\Clarity\Pll27MHz\Module_Pll27MHz\Module_Pll27MHz.vhd (N/A, 2025-04-01 09:49:45)
1        C:\lscc\diamond\3.11_x64\synpbase\lib\lucent\ecp5um.vhd (2019-04-01 10:08:08, N/A)
2        C:\lscc\diamond\3.11_x64\synpbase\lib\vhd\arith.vhd (2019-04-01 10:07:44, N/A)
3        C:\lscc\diamond\3.11_x64\synpbase\lib\vhd\hyperents.vhd (2019-04-01 10:07:44, N/A)
4        C:\lscc\diamond\3.11_x64\synpbase\lib\vhd\location.map (2019-04-01 17:38:28, N/A)
5        C:\lscc\diamond\3.11_x64\synpbase\lib\vhd\numeric.vhd (2019-04-01 10:07:44, N/A)
6        C:\lscc\diamond\3.11_x64\synpbase\lib\vhd\snps_haps_pkg.vhd (2019-04-01 10:07:44, N/A)
7        C:\lscc\diamond\3.11_x64\synpbase\lib\vhd\std.vhd (2019-04-01 10:07:44, N/A)
8        C:\lscc\diamond\3.11_x64\synpbase\lib\vhd\std1164.vhd (2019-04-01 10:07:44, N/A)
9        C:\lscc\diamond\3.11_x64\synpbase\lib\vhd\umr_capim.vhd (2019-04-01 10:07:44, N/A)
10       C:\lscc\diamond\3.11_x64\synpbase\lib\vhd\unsigned.vhd (2019-04-01 10:07:44, N/A)
12       C:\lscc\diamond\3.13\synpbase\lib\lucent\ecp5um.vhd (N/A, 2023-08-10 12:56:40)
13       C:\lscc\diamond\3.13\synpbase\lib\vhd\arith.vhd (N/A, 2023-08-10 10:32:12)
14       C:\lscc\diamond\3.13\synpbase\lib\vhd\hyperents.vhd (N/A, 2023-08-10 10:32:12)
15       C:\lscc\diamond\3.13\synpbase\lib\vhd\location.map (N/A, 2023-08-30 16:59:46)
16       C:\lscc\diamond\3.13\synpbase\lib\vhd\numeric.vhd (N/A, 2023-08-10 10:32:12)
17       C:\lscc\diamond\3.13\synpbase\lib\vhd\snps_haps_pkg.vhd (N/A, 2023-08-10 10:32:12)
18       C:\lscc\diamond\3.13\synpbase\lib\vhd\std.vhd (N/A, 2023-08-10 10:32:12)
19       C:\lscc\diamond\3.13\synpbase\lib\vhd\std1164.vhd (N/A, 2023-08-10 10:32:12)
20       C:\lscc\diamond\3.13\synpbase\lib\vhd\umr_capim.vhd (N/A, 2023-08-10 10:32:12)
21       C:\lscc\diamond\3.13\synpbase\lib\vhd\unsigned.vhd (N/A, 2023-08-10 10:32:12)

*******************************************************************
Modules that may have changed as a result of file changes: 1
MID:  lib.cell.view
0        work.module_pll27mhz.structure may have changed because the following files changed:
                        C:\Project\2024\Refael\Lightning\Vhdl\LastVer\Winner2\Clarity\Pll27MHz\Module_Pll27MHz\Module_Pll27MHz.vhd (N/A, 2025-04-01 09:49:45) <-- (architecture and entity definition)

*******************************************************************
Unmodified files: 0
FID:  path (timestamp)

*******************************************************************
Unchanged modules: 0
MID:  lib.cell.view
